1501682400 Wed, 02 Aug 2017 14:00:00 GMT 6.82
1501684200 Wed, 02 Aug 2017 14:30:00 GMT 13.90
1501686000 Wed, 02 Aug 2017 15:00:00 GMT 5.24
1501687800 Wed, 02 Aug 2017 15:30:00 GMT 7.56
1501689600 Wed, 02 Aug 2017 16:00:00 GMT 13.73
1501691400 Wed, 02 Aug 2017 16:30:00 GMT 13.75
1501693200 Wed, 02 Aug 2017 17:00:00 GMT 11.23
1501695000 Wed, 02 Aug 2017 17:30:00 GMT 17.47
1501696800 Wed, 02 Aug 2017 18:00:00 GMT 15.35
1501698600 Wed, 02 Aug 2017 18:30:00 GMT 14.11
1501700401 Wed, 02 Aug 2017 19:00:01 GMT 13.72
1501702201 Wed, 02 Aug 2017 19:30:01 GMT 7.68
1501704001 Wed, 02 Aug 2017 20:00:01 GMT 6.79
1501705801 Wed, 02 Aug 2017 20:30:01 GMT 14.57
1501707600 Wed, 02 Aug 2017 21:00:00 GMT 14.38
1501709400 Wed, 02 Aug 2017 21:30:00 GMT 12.30
1501711200 Wed, 02 Aug 2017 22:00:00 GMT 15.81
1501713000 Wed, 02 Aug 2017 22:30:00 GMT 14.96
1501714800 Wed, 02 Aug 2017 23:00:00 GMT 19.94
1501716600 Wed, 02 Aug 2017 23:30:00 GMT 20.41
1501718400 Thu, 03 Aug 2017 00:00:00 GMT 18.59
1501720200 Thu, 03 Aug 2017 00:30:00 GMT 20.48
1501722000 Thu, 03 Aug 2017 01:00:00 GMT 18.74
1501723800 Thu, 03 Aug 2017 01:30:00 GMT 19.59
1501725600 Thu, 03 Aug 2017 02:00:00 GMT 13.95
1501727400 Thu, 03 Aug 2017 02:30:00 GMT 17.31
1501729200 Thu, 03 Aug 2017 03:00:00 GMT 16.32
1501731000 Thu, 03 Aug 2017 03:30:00 GMT 15.32
1501732800 Thu, 03 Aug 2017 04:00:00 GMT 12.31
1501734600 Thu, 03 Aug 2017 04:30:00 GMT 13.39
1501736400 Thu, 03 Aug 2017 05:00:00 GMT 19.06
1501738200 Thu, 03 Aug 2017 05:30:00 GMT 13.52
1501740000 Thu, 03 Aug 2017 06:00:00 GMT 16.15
1501741800 Thu, 03 Aug 2017 06:30:00 GMT 16.74
1501743601 Thu, 03 Aug 2017 07:00:01 GMT 17.37
1501745401 Thu, 03 Aug 2017 07:30:01 GMT 10.48
1501747201 Thu, 03 Aug 2017 08:00:01 GMT 15.15
1501749000 Thu, 03 Aug 2017 08:30:00 GMT 18.35
1501750800 Thu, 03 Aug 2017 09:00:00 GMT 12.25
1501752600 Thu, 03 Aug 2017 09:30:00 GMT 18.15
1501754400 Thu, 03 Aug 2017 10:00:00 GMT 17.63
1501755890 Thu, 03 Aug 2017 10:24:50 GMT 17.62 23090560
1501756200 Thu, 03 Aug 2017 10:30:00 GMT 12.23 16024320
1501760340 26288496 20.06 Thu, 03 Aug 2017 11:39:00 GMT
1501760558 25584768 19.52 Thu, 03 Aug 2017 11:42:38 GMT
1501760613 18202112 13.89 Thu, 03 Aug 2017 11:43:33 GMT
1501760668 19605224 14.96 Thu, 03 Aug 2017 11:44:28 GMT
1501760699 23417808 17.87 Thu, 03 Aug 2017 11:44:59 GMT
1501760745 19383680 14.79 Thu, 03 Aug 2017 11:45:45 GMT
1501760840 23403328 17.86 Thu, 03 Aug 2017 11:47:20 GMT
1501760916 20662264 15.76 Thu, 03 Aug 2017 11:48:36 GMT
1501761600 15927304 12.15 Thu, 03 Aug 2017 12:00:00 GMT
1501763400 21302280 16.25 Thu, 03 Aug 2017 12:30:00 GMT
1501790400 14495232 11.06 Thu, 03 Aug 2017 20:00:00 GMT
1501792200 18881224 14.40 Thu, 03 Aug 2017 20:30:00 GMT
1501794000 18024008 13.75 Thu, 03 Aug 2017 21:00:00 GMT
1501795800 22315184 17.02 Thu, 03 Aug 2017 21:30:00 GMT
1501797600 10016568 7.64 Thu, 03 Aug 2017 22:00:00 GMT
1501799400 20573936 15.70 Thu, 03 Aug 2017 22:30:00 GMT
1501831800 14913008 11.38 Fri, 04 Aug 2017 07:30:00 GMT
1501833600 18900048 14.42 Fri, 04 Aug 2017 08:00:00 GMT
1501835400 18435992 14.07 Fri, 04 Aug 2017 08:30:00 GMT
1501837200 17055296 13.01 Fri, 04 Aug 2017 09:00:00 GMT
1501839000 20161256 15.38 Fri, 04 Aug 2017 09:30:00 GMT
1501840800 12100240 9.23 Fri, 04 Aug 2017 10:00:00 GMT
1501842600 18209352 13.89 Fri, 04 Aug 2017 10:30:00 GMT
1501844400 17692416 13.50 Fri, 04 Aug 2017 11:00:00 GMT
1501846200 17663456 13.48 Fri, 04 Aug 2017 11:30:00 GMT
1501848000 17447704 13.31 Fri, 04 Aug 2017 12:00:00 GMT
1501849800 17818392 13.59 Fri, 04 Aug 2017 12:30:00 GMT
1501851600 22693112 17.31 Fri, 04 Aug 2017 13:00:00 GMT
1501853400 15277152 11.66 Fri, 04 Aug 2017 13:30:00 GMT
1501855200 18942040 14.45 Fri, 04 Aug 2017 14:00:00 GMT
1501871400 13850872 10.57 Fri, 04 Aug 2017 18:30:00 GMT
1501873200 9094192 6.94 Fri, 04 Aug 2017 19:00:00 GMT
1501875000 18753800 14.31 Fri, 04 Aug 2017 19:30:00 GMT
1501876800 15348104 11.71 Fri, 04 Aug 2017 20:00:00 GMT
1501878600 10629072 8.11 Fri, 04 Aug 2017 20:30:00 GMT
1501880400 9850048 7.51 Fri, 04 Aug 2017 21:00:00 GMT
1501882200 20158360 15.38 Fri, 04 Aug 2017 21:30:00 GMT
1501884000 18455512 14.08 Fri, 04 Aug 2017 22:00:00 GMT
1501885800 19920888 15.20 Fri, 04 Aug 2017 22:30:00 GMT
1501887600 22203688 16.94 Fri, 04 Aug 2017 23:00:00 GMT
1501889400 18081928 13.80 Fri, 04 Aug 2017 23:30:00 GMT
1501891200 18312160 13.97 Sat, 05 Aug 2017 00:00:00 GMT
1501893000 25123552 19.17 Sat, 05 Aug 2017 00:30:00 GMT
1501894800 25746192 19.64 Sat, 05 Aug 2017 01:00:00 GMT
1501896600 18477232 14.10 Sat, 05 Aug 2017 01:30:00 GMT
1501912800 15144688 11.55 Sat, 05 Aug 2017 06:00:00 GMT
1501914600 20733216 15.82 Sat, 05 Aug 2017 06:30:00 GMT
1501916400 22460680 17.14 Sat, 05 Aug 2017 07:00:00 GMT
1501918200 15795536 12.05 Sat, 05 Aug 2017 07:30:00 GMT
1501952400 10951976 8.36 Sat, 05 Aug 2017 17:00:00 GMT
1501954200 15446568 11.78 Sat, 05 Aug 2017 17:30:00 GMT
1501956000 14196944 10.83 Sat, 05 Aug 2017 18:00:00 GMT
1501957800 13580096 10.36 Sat, 05 Aug 2017 18:30:00 GMT
1501959600 14797864 11.29 Sat, 05 Aug 2017 19:00:00 GMT
1501961400 14732704 11.24 Sat, 05 Aug 2017 19:30:00 GMT
1501963200 21014128 16.03 Sat, 05 Aug 2017 20:00:00 GMT
1501965000 17646080 13.46 Sat, 05 Aug 2017 20:30:00 GMT
1501970400 20479816 15.62 Sat, 05 Aug 2017 22:00:00 GMT
1501972200 16426864 12.53 Sat, 05 Aug 2017 22:30:00 GMT
1501974000 15081672 11.51 Sat, 05 Aug 2017 23:00:00 GMT
1501975800 15539240 11.86 Sat, 05 Aug 2017 23:30:00 GMT
1501979400 21153888 16.14 Sun, 06 Aug 2017 00:30:00 GMT
1501993800 19587848 14.94 Sun, 06 Aug 2017 04:30:00 GMT
1501995600 17996496 13.73 Sun, 06 Aug 2017 05:00:00 GMT
1501997400 14957144 11.41 Sun, 06 Aug 2017 05:30:00 GMT
1501999200 21073496 16.08 Sun, 06 Aug 2017 06:00:00 GMT
1502001000 12342056 9.42 Sun, 06 Aug 2017 06:30:00 GMT
1502002800 23226672 17.72 Sun, 06 Aug 2017 07:00:00 GMT
1502004600 19718920 15.04 Sun, 06 Aug 2017 07:30:00 GMT
1502006400 18122472 13.83 Sun, 06 Aug 2017 08:00:00 GMT
1502008200 14602384 11.14 Sun, 06 Aug 2017 08:30:00 GMT
1502010000 9962992 7.60 Sun, 06 Aug 2017 09:00:00 GMT
1502011800 9350488 7.13 Sun, 06 Aug 2017 09:30:00 GMT
1502013600 12934288 9.87 Sun, 06 Aug 2017 10:00:00 GMT
1502015400 12260968 9.35 Sun, 06 Aug 2017 10:30:00 GMT
1502019000 11568128 8.83 Sun, 06 Aug 2017 11:30:00 GMT
1502020800 9932584 7.58 Sun, 06 Aug 2017 12:00:00 GMT
1502022601 5070200 3.87 Sun, 06 Aug 2017 12:30:01 GMT
1502024400 7431888 5.67 Sun, 06 Aug 2017 13:00:00 GMT
1502033400 14522744 11.08 Sun, 06 Aug 2017 15:30:00 GMT
1502082000 22316632 17.03 Mon, 07 Aug 2017 05:00:00 GMT
1502083800 20900488 15.95 Mon, 07 Aug 2017 05:30:00 GMT
1502085600 25512368 19.46 Mon, 07 Aug 2017 06:00:00 GMT
1502087400 24306880 18.54 Mon, 07 Aug 2017 06:30:00 GMT
1502089200 19582056 14.94 Mon, 07 Aug 2017 07:00:00 GMT
1502091000 12786592 9.76 Mon, 07 Aug 2017 07:30:00 GMT
1502092800 15012168 11.45 Mon, 07 Aug 2017 08:00:00 GMT
1502110800 19128832 14.59 Mon, 07 Aug 2017 13:00:00 GMT
1502112600 14244728 10.87 Mon, 07 Aug 2017 13:30:00 GMT
1502114400 17001720 12.97 Mon, 07 Aug 2017 14:00:00 GMT
1502118000 20800576 15.87 Mon, 07 Aug 2017 15:00:00 GMT
1502119800 19138968 14.60 Mon, 07 Aug 2017 15:30:00 GMT
1502121600 20644888 15.75 Mon, 07 Aug 2017 16:00:00 GMT
1502123400 20644888 15.75 Mon, 07 Aug 2017 16:30:00 GMT
1502125200 15280048 11.66 Mon, 07 Aug 2017 17:00:00 GMT
1502127000 11298048 8.62 Mon, 07 Aug 2017 17:30:00 GMT
1502128800 18798688 14.34 Mon, 07 Aug 2017 18:00:00 GMT
1502130600 18855160 14.39 Mon, 07 Aug 2017 18:30:00 GMT
1502132400 16483336 12.58 Mon, 07 Aug 2017 19:00:00 GMT
1502134200 19110008 14.58 Mon, 07 Aug 2017 19:30:00 GMT
1502136000 19611016 14.96 Mon, 07 Aug 2017 20:00:00 GMT
1502137800 18768280 14.32 Mon, 07 Aug 2017 20:30:00 GMT
1502139600 13646704 10.41 Mon, 07 Aug 2017 21:00:00 GMT
1502141400 21982840 16.77 Mon, 07 Aug 2017 21:30:00 GMT
1502143201 18989824 14.49 Mon, 07 Aug 2017 22:00:01 GMT
1502145001 20242344 15.44 Mon, 07 Aug 2017 22:30:01 GMT
1502150400 22673536 17.30 Tue, 08 Aug 2017 00:00:00 GMT
1502152200 22297056 17.01 Tue, 08 Aug 2017 00:30:00 GMT
1502154000 22528736 17.19 Tue, 08 Aug 2017 01:00:00 GMT
1502155800 24122984 18.40 Tue, 08 Aug 2017 01:30:00 GMT
1502190000 22247824 16.97 Tue, 08 Aug 2017 11:00:00 GMT
1502191800 14341744 10.94 Tue, 08 Aug 2017 11:30:00 GMT
1502193600 17179824 13.11 Tue, 08 Aug 2017 12:00:00 GMT
1502195400 18674160 14.25 Tue, 08 Aug 2017 12:30:00 GMT
1502229600 15284392 11.66 Tue, 08 Aug 2017 22:00:00 GMT
1502231400 16613656 12.67 Tue, 08 Aug 2017 22:30:00 GMT
1502233200 19179512 14.63 Tue, 08 Aug 2017 23:00:00 GMT
1502235000 18926112 14.44 Tue, 08 Aug 2017 23:30:00 GMT
1502236800 26224032 20.01 Wed, 09 Aug 2017 00:00:00 GMT
1502240400 22052344 16.82 Wed, 09 Aug 2017 01:00:00 GMT
1502242200 24204824 18.47 Wed, 09 Aug 2017 01:30:00 GMT
1502244000 18863848 14.39 Wed, 09 Aug 2017 02:00:00 GMT
1502245800 26857560 20.49 Wed, 09 Aug 2017 02:30:00 GMT
1502247600 26743864 20.40 Wed, 09 Aug 2017 03:00:00 GMT
1502249400 22869768 17.45 Wed, 09 Aug 2017 03:30:00 GMT
1502251200 27068216 20.65 Wed, 09 Aug 2017 04:00:00 GMT
1502253000 27017536 20.61 Wed, 09 Aug 2017 04:30:00 GMT
1502254800 26418816 20.15 Wed, 09 Aug 2017 05:00:00 GMT
1502256600 22021936 16.80 Wed, 09 Aug 2017 05:30:00 GMT
1502258400 17250776 13.16 Wed, 09 Aug 2017 06:00:00 GMT
1502260200 15875176 12.11 Wed, 09 Aug 2017 06:30:00 GMT
1502269200 20585520 15.71 Wed, 09 Aug 2017 09:00:00 GMT
1502271000 21170512 16.15 Wed, 09 Aug 2017 09:30:00 GMT
1502272800 17373160 13.25 Wed, 09 Aug 2017 10:00:00 GMT
1502274600 21633872 16.51 Wed, 09 Aug 2017 10:30:00 GMT
1502276400 19507512 14.88 Wed, 09 Aug 2017 11:00:00 GMT
1502278200 17621464 13.44 Wed, 09 Aug 2017 11:30:00 GMT
1502280000 10105592 7.71 Wed, 09 Aug 2017 12:00:00 GMT
1502281800 11434160 8.72 Wed, 09 Aug 2017 12:30:00 GMT
1502283600 17719928 13.52 Wed, 09 Aug 2017 13:00:00 GMT
1502285400 19222952 14.67 Wed, 09 Aug 2017 13:30:00 GMT
1502287200 21945944 16.74 Wed, 09 Aug 2017 14:00:00 GMT
1502310600 16999576 12.97 Wed, 09 Aug 2017 20:30:00 GMT
1502312400 17072672 13.03 Wed, 09 Aug 2017 21:00:00 GMT
1502314200 14880400 11.35 Wed, 09 Aug 2017 21:30:00 GMT
1502316000 21041640 16.05 Wed, 09 Aug 2017 22:00:00 GMT
1502317800 22966032 17.52 Wed, 09 Aug 2017 22:30:00 GMT
1502350200 19118696 14.59 Thu, 10 Aug 2017 07:30:00 GMT
1502352000 18452616 14.08 Thu, 10 Aug 2017 08:00:00 GMT
1502353800 15723136 12.00 Thu, 10 Aug 2017 08:30:00 GMT
1502355600 14031872 10.71 Thu, 10 Aug 2017 09:00:00 GMT
1502357400 22415096 17.10 Thu, 10 Aug 2017 09:30:00 GMT
1502359200 18774072 14.32 Thu, 10 Aug 2017 10:00:00 GMT
1502361000 21727992 16.58 Thu, 10 Aug 2017 10:30:00 GMT
1502362800 18048624 13.77 Thu, 10 Aug 2017 11:00:00 GMT
1502364600 18115232 13.82 Thu, 10 Aug 2017 11:30:00 GMT
1502366400 15213440 11.61 Thu, 10 Aug 2017 12:00:00 GMT
1502368200 19503864 14.88 Thu, 10 Aug 2017 12:30:00 GMT
1502370000 20652128 15.76 Thu, 10 Aug 2017 13:00:00 GMT
1502371800 23394640 17.85 Thu, 10 Aug 2017 13:30:00 GMT
1502373600 23041328 17.58 Thu, 10 Aug 2017 14:00:00 GMT
1502375400 26586784 20.28 Thu, 10 Aug 2017 14:30:00 GMT
1502388001 17258016 13.17 Thu, 10 Aug 2017 18:00:01 GMT
1502391600 21077840 16.08 Thu, 10 Aug 2017 19:00:00 GMT
1502393400 21035848 16.05 Thu, 10 Aug 2017 19:30:00 GMT
1502395200 16242968 12.39 Thu, 10 Aug 2017 20:00:00 GMT
1502397000 24122984 18.40 Thu, 10 Aug 2017 20:30:00 GMT
1502398800 26078536 19.90 Thu, 10 Aug 2017 21:00:00 GMT
1502400600 24066512 18.36 Thu, 10 Aug 2017 21:30:00 GMT
1502402400 23773320 18.14 Thu, 10 Aug 2017 22:00:00 GMT
1502404200 21513688 16.41 Thu, 10 Aug 2017 22:30:00 GMT
1502406000 19830416 15.13 Thu, 10 Aug 2017 23:00:00 GMT
1502407800 26538248 20.25 Thu, 10 Aug 2017 23:30:00 GMT
1502409600 23461248 17.90 Fri, 11 Aug 2017 00:00:00 GMT
1502411400 22320224 17.03 Fri, 11 Aug 2017 00:30:00 GMT
1502413200 20911320 15.95 Fri, 11 Aug 2017 01:00:00 GMT
1502415000 25754880 19.65 Fri, 11 Aug 2017 01:30:00 GMT
1502416800 21315312 16.26 Fri, 11 Aug 2017 02:00:00 GMT
1502418600 23241152 17.73 Fri, 11 Aug 2017 02:30:00 GMT
1502420400 26504944 20.22 Fri, 11 Aug 2017 03:00:00 GMT
1502431200 20579728 15.70 Fri, 11 Aug 2017 06:00:00 GMT
1502433000 22876256 17.45 Fri, 11 Aug 2017 06:30:00 GMT
1502434800 22614168 17.25 Fri, 11 Aug 2017 07:00:00 GMT
1502470800 22088544 16.85 Fri, 11 Aug 2017 17:00:00 GMT
1502472600 19069464 14.55 Fri, 11 Aug 2017 17:30:00 GMT
1502474400 14634240 11.16 Fri, 11 Aug 2017 18:00:00 GMT
1502478000 18910184 14.43 Fri, 11 Aug 2017 19:00:00 GMT
1502479800 17368064 13.25 Fri, 11 Aug 2017 19:30:00 GMT
1502481600 17745992 13.54 Fri, 11 Aug 2017 20:00:00 GMT
1502483400 21698336 16.55 Fri, 11 Aug 2017 20:30:00 GMT
1502485200 20812856 15.88 Fri, 11 Aug 2017 21:00:00 GMT
1502487000 18445376 14.07 Fri, 11 Aug 2017 21:30:00 GMT
1502488800 21497064 16.40 Fri, 11 Aug 2017 22:00:00 GMT
1502490600 21218296 16.19 Fri, 11 Aug 2017 22:30:00 GMT
1502492400 21745368 16.59 Fri, 11 Aug 2017 23:00:00 GMT
1502508601 20119264 15.35 Sat, 12 Aug 2017 03:30:01 GMT
1502512200 22742344 17.35 Sat, 12 Aug 2017 04:30:00 GMT
1502514000 21607808 16.49 Sat, 12 Aug 2017 05:00:00 GMT
1502515800 20342256 15.52 Sat, 12 Aug 2017 05:30:00 GMT
1502517600 20584824 15.70 Sat, 12 Aug 2017 06:00:00 GMT
1502519400 20920008 15.96 Sat, 12 Aug 2017 06:30:00 GMT
1502521200 17191408 13.12 Sat, 12 Aug 2017 07:00:00 GMT
1502523000 14010152 10.69 Sat, 12 Aug 2017 07:30:00 GMT
1502524800 15181584 11.58 Sat, 12 Aug 2017 08:00:00 GMT
1502526600 21038048 16.05 Sat, 12 Aug 2017 08:30:00 GMT
1502528400 19421328 14.82 Sat, 12 Aug 2017 09:00:00 GMT
1502530200 18383808 14.03 Sat, 12 Aug 2017 09:30:00 GMT
1502532000 15617432 11.91 Sat, 12 Aug 2017 10:00:00 GMT
1502533800 19328656 14.75 Sat, 12 Aug 2017 10:30:00 GMT
1502535600 18936248 14.45 Sat, 12 Aug 2017 11:00:00 GMT
1502537400 19839104 15.14 Sat, 12 Aug 2017 11:30:00 GMT
1502539200 19830416 15.13 Sat, 12 Aug 2017 12:00:00 GMT
1502541000 18342568 13.99 Sat, 12 Aug 2017 12:30:00 GMT
1502542800 21438392 16.36 Sat, 12 Aug 2017 13:00:00 GMT
1502544600 20924352 15.96 Sat, 12 Aug 2017 13:30:00 GMT
1502546401 19144760 14.61 Sat, 12 Aug 2017 14:00:01 GMT
1502551800 20593512 15.71 Sat, 12 Aug 2017 15:30:00 GMT
1502591400 19502416 14.88 Sun, 13 Aug 2017 02:30:00 GMT
1502593200 19574816 14.93 Sun, 13 Aug 2017 03:00:00 GMT
1502595000 21241464 16.21 Sun, 13 Aug 2017 03:30:00 GMT
1502596800 27060280 20.64 Sun, 13 Aug 2017 04:00:00 GMT
1502598600 23197712 17.70 Sun, 13 Aug 2017 04:30:00 GMT
1502600400 19083248 14.56 Sun, 13 Aug 2017 05:00:00 GMT
1502602200 23966600 18.28 Sun, 13 Aug 2017 05:30:00 GMT
1502604000 22147912 16.90 Sun, 13 Aug 2017 06:00:00 GMT
1502605800 20492152 15.63 Sun, 13 Aug 2017 06:30:00 GMT
1502607600 21995872 16.78 Sun, 13 Aug 2017 07:00:00 GMT
1502609400 17039368 13.00 Sun, 13 Aug 2017 07:30:00 GMT
1502632800 14790624 11.28 Sun, 13 Aug 2017 14:00:00 GMT
1502634600 17617120 13.44 Sun, 13 Aug 2017 14:30:00 GMT
1502636400 18905840 14.42 Sun, 13 Aug 2017 15:00:00 GMT
1502638200 14813792 11.30 Sun, 13 Aug 2017 15:30:00 GMT
1502640000 15808568 12.06 Sun, 13 Aug 2017 16:00:00 GMT
1502641800 14360568 10.96 Sun, 13 Aug 2017 16:30:00 GMT
1502643600 20758584 15.84 Sun, 13 Aug 2017 17:00:00 GMT
1502645400 23176744 17.68 Sun, 13 Aug 2017 17:30:00 GMT
1502647200 20807064 15.87 Sun, 13 Aug 2017 18:00:00 GMT
1502649000 17189960 13.11 Sun, 13 Aug 2017 18:30:00 GMT
1502650800 11412440 8.71 Sun, 13 Aug 2017 19:00:00 GMT
1502652600 18616240 14.20 Sun, 13 Aug 2017 19:30:00 GMT
1502654400 17031432 12.99 Sun, 13 Aug 2017 20:00:00 GMT
1502656200 14472064 11.04 Sun, 13 Aug 2017 20:30:00 GMT
1502658000 18050072 13.77 Sun, 13 Aug 2017 21:00:00 GMT
1502659800 18223832 13.90 Sun, 13 Aug 2017 21:30:00 GMT
1502661600 18138400 13.84 Sun, 13 Aug 2017 22:00:00 GMT
1502663400 20964896 15.99 Sun, 13 Aug 2017 22:30:00 GMT
1502665200 17993600 13.73 Sun, 13 Aug 2017 23:00:00 GMT
1502667001 23393192 17.85 Sun, 13 Aug 2017 23:30:01 GMT
1502672400 24100568 18.39 Mon, 14 Aug 2017 01:00:00 GMT
1502674200 27163784 20.72 Mon, 14 Aug 2017 01:30:00 GMT
1502676000 19247568 14.68 Mon, 14 Aug 2017 02:00:00 GMT
1502677800 27090688 20.67 Mon, 14 Aug 2017 02:30:00 GMT
1502712000 22165288 16.91 Mon, 14 Aug 2017 12:00:00 GMT
1502713800 18025456 13.75 Mon, 14 Aug 2017 12:30:00 GMT
1502715600 19089736 14.56 Mon, 14 Aug 2017 13:00:00 GMT
1502717400 17599744 13.43 Mon, 14 Aug 2017 13:30:00 GMT
1502719200 17670696 13.48 Mon, 14 Aug 2017 14:00:00 GMT
1502721000 18532256 14.14 Mon, 14 Aug 2017 14:30:00 GMT
1502722800 16924976 12.91 Mon, 14 Aug 2017 15:00:00 GMT
1502726400 20155464 15.38 Mon, 14 Aug 2017 16:00:00 GMT
1502753400 17934232 13.68 Mon, 14 Aug 2017 23:30:00 GMT
1502755200 21983592 16.77 Tue, 15 Aug 2017 00:00:00 GMT
1502757000 20158360 15.38 Tue, 15 Aug 2017 00:30:00 GMT
1502758800 20172840 15.39 Tue, 15 Aug 2017 01:00:00 GMT
1502760600 24705832 18.85 Tue, 15 Aug 2017 01:30:00 GMT
1502762400 19978808 15.24 Tue, 15 Aug 2017 02:00:00 GMT
1502764200 22766208 17.37 Tue, 15 Aug 2017 02:30:00 GMT
1502766000 22200040 16.94 Tue, 15 Aug 2017 03:00:00 GMT
1502767800 21956776 16.75 Tue, 15 Aug 2017 03:30:00 GMT
1502769600 25712888 19.62 Tue, 15 Aug 2017 04:00:00 GMT
1502771400 21047432 16.06 Tue, 15 Aug 2017 04:30:00 GMT
1502773200 21530368 16.43 Tue, 15 Aug 2017 05:00:00 GMT
1502775000 21203816 16.18 Tue, 15 Aug 2017 05:30:00 GMT
1502776800 21621592 16.50 Tue, 15 Aug 2017 06:00:00 GMT
1502778600 22661256 17.29 Tue, 15 Aug 2017 06:30:00 GMT
1502780400 18976792 14.48 Tue, 15 Aug 2017 07:00:00 GMT
1502782200 18504048 14.12 Tue, 15 Aug 2017 07:30:00 GMT
1502794800 19414088 14.81 Tue, 15 Aug 2017 11:00:00 GMT
1502796600 20324880 15.51 Tue, 15 Aug 2017 11:30:00 GMT
1502798400 24970816 19.05 Tue, 15 Aug 2017 12:00:00 GMT
1502800200 24406096 18.62 Tue, 15 Aug 2017 12:30:00 GMT
1502802000 18365736 14.01 Tue, 15 Aug 2017 13:00:00 GMT
1502803800 24091880 18.38 Tue, 15 Aug 2017 13:30:00 GMT
1502805600 22517152 17.18 Tue, 15 Aug 2017 14:00:00 GMT
1502807400 11490632 8.77 Tue, 15 Aug 2017 14:30:00 GMT
1502809200 17712688 13.51 Tue, 15 Aug 2017 15:00:00 GMT
1502811000 21329096 16.27 Tue, 15 Aug 2017 15:30:00 GMT
1502812800 18457712 14.08 Tue, 15 Aug 2017 16:00:00 GMT
1502834400 21258144 16.22 Tue, 15 Aug 2017 22:00:00 GMT
1502836200 20990960 16.01 Tue, 15 Aug 2017 22:30:00 GMT
1502838000 17866176 13.63 Tue, 15 Aug 2017 23:00:00 GMT
1502839800 20827336 15.89 Tue, 15 Aug 2017 23:30:00 GMT
1502875800 18887016 14.41 Wed, 16 Aug 2017 09:30:00 GMT
1502877600 24212064 18.47 Wed, 16 Aug 2017 10:00:00 GMT
1502879400 10432144 7.96 Wed, 16 Aug 2017 10:30:00 GMT
1502881200 17562096 13.40 Wed, 16 Aug 2017 11:00:00 GMT
1502884800 21865552 16.68 Wed, 16 Aug 2017 12:00:00 GMT
1502886600 15184480 11.58 Wed, 16 Aug 2017 12:30:00 GMT
1502888400 10862200 8.29 Wed, 16 Aug 2017 13:00:00 GMT
1502890200 16423968 12.53 Wed, 16 Aug 2017 13:30:00 GMT
1502892000 24515392 18.70 Wed, 16 Aug 2017 14:00:00 GMT
1502895600 22799512 17.39 Wed, 16 Aug 2017 15:00:00 GMT
1502897400 16047488 12.24 Wed, 16 Aug 2017 15:30:00 GMT
1502901000 19560336 14.92 Wed, 16 Aug 2017 16:30:00 GMT
1502902800 15601504 11.90 Wed, 16 Aug 2017 17:00:00 GMT
1502908200 12344952 9.42 Wed, 16 Aug 2017 18:30:00 GMT
1502911801 15271360 11.65 Wed, 16 Aug 2017 19:30:01 GMT
1502915400 18984032 14.48 Wed, 16 Aug 2017 20:30:00 GMT
1502917200 21143000 16.13 Wed, 16 Aug 2017 21:00:00 GMT
1502919000 21415224 16.34 Wed, 16 Aug 2017 21:30:00 GMT
1502920800 18409176 14.04 Wed, 16 Aug 2017 22:00:00 GMT
1502922600 20541384 15.67 Wed, 16 Aug 2017 22:30:00 GMT
1502924400 13318008 10.16 Wed, 16 Aug 2017 23:00:00 GMT
1502926200 21421016 16.34 Wed, 16 Aug 2017 23:30:00 GMT
1502928000 22353528 17.05 Thu, 17 Aug 2017 00:00:00 GMT
1502929800 17289872 13.19 Thu, 17 Aug 2017 00:30:00 GMT
1502931600 21024264 16.04 Thu, 17 Aug 2017 01:00:00 GMT
1502933400 20183728 15.40 Thu, 17 Aug 2017 01:30:00 GMT
1502935200 20918560 15.96 Thu, 17 Aug 2017 02:00:00 GMT
1502937000 21946640 16.74 Thu, 17 Aug 2017 02:30:00 GMT
1502938800 23366432 17.83 Thu, 17 Aug 2017 03:00:00 GMT
1502940600 26793096 20.44 Thu, 17 Aug 2017 03:30:00 GMT
1502944200 27847992 21.25 Thu, 17 Aug 2017 04:30:00 GMT
1502946000 22987752 17.54 Thu, 17 Aug 2017 05:00:00 GMT
1502955000 21326200 16.27 Thu, 17 Aug 2017 07:30:00 GMT
1502956800 20343704 15.52 Thu, 17 Aug 2017 08:00:00 GMT
1502958600 21838040 16.66 Thu, 17 Aug 2017 08:30:00 GMT
1502992801 24747072 18.88 Thu, 17 Aug 2017 18:00:01 GMT
1502996400 15728928 12.00 Thu, 17 Aug 2017 19:00:00 GMT
1503000000 18312160 13.97 Thu, 17 Aug 2017 20:00:00 GMT
1503003600 17282632 13.19 Thu, 17 Aug 2017 21:00:00 GMT
1503007200 18563416 14.16 Thu, 17 Aug 2017 22:00:00 GMT
1503010800 19648664 14.99 Thu, 17 Aug 2017 23:00:00 GMT
1503014400 26869840 20.50 Fri, 18 Aug 2017 00:00:00 GMT
1503036000 20165600 15.38 Fri, 18 Aug 2017 06:00:00 GMT
1503039600 7922760 6.04 Fri, 18 Aug 2017 07:00:00 GMT
1503043200 18467096 14.09 Fri, 18 Aug 2017 08:00:00 GMT
1503046800 19505312 14.88 Fri, 18 Aug 2017 09:00:00 GMT
1503050400 17638840 13.46 Fri, 18 Aug 2017 10:00:00 GMT
1503054000 21678760 16.54 Fri, 18 Aug 2017 11:00:00 GMT
1503055800 10479928 8.00 Fri, 18 Aug 2017 11:30:00 GMT
1503057600 16628136 12.69 Fri, 18 Aug 2017 12:00:00 GMT
1503059400 19005056 14.50 Fri, 18 Aug 2017 12:30:00 GMT
1503061200 18403384 14.04 Fri, 18 Aug 2017 13:00:00 GMT
1503063000 12284136 9.37 Fri, 18 Aug 2017 13:30:00 GMT
1503064800 15701416 11.98 Fri, 18 Aug 2017 14:00:00 GMT
1503068400 25625312 19.55 Fri, 18 Aug 2017 15:00:00 GMT
1503070201 19427120 14.82 Fri, 18 Aug 2017 15:30:01 GMT
1503072001 16131472 12.31 Fri, 18 Aug 2017 16:00:01 GMT
1503073801 16254552 12.40 Fri, 18 Aug 2017 16:30:01 GMT
1503075600 10269968 7.84 Fri, 18 Aug 2017 17:00:00 GMT
1503077400 19068016 14.55 Fri, 18 Aug 2017 17:30:00 GMT
1503079200 16823616 12.84 Fri, 18 Aug 2017 18:00:00 GMT
1503117000 19551648 14.92 Sat, 19 Aug 2017 04:30:00 GMT
1503118800 18025456 13.75 Sat, 19 Aug 2017 05:00:00 GMT
1503120600 18329536 13.98 Sat, 19 Aug 2017 05:30:00 GMT
1503122400 21448528 16.36 Sat, 19 Aug 2017 06:00:00 GMT
1503124200 18341120 13.99 Sat, 19 Aug 2017 06:30:00 GMT
1503126000 24382176 18.60 Sat, 19 Aug 2017 07:00:00 GMT
1503127800 19083944 14.56 Sat, 19 Aug 2017 07:30:00 GMT
1503129600 17299256 13.20 Sat, 19 Aug 2017 08:00:00 GMT
1503131400 18743664 14.30 Sat, 19 Aug 2017 08:30:00 GMT
1503156600 16308128 12.44 Sat, 19 Aug 2017 15:30:00 GMT
1503158400 16038800 12.24 Sat, 19 Aug 2017 16:00:00 GMT
1503160200 15921512 12.15 Sat, 19 Aug 2017 16:30:00 GMT
1503162000 16753416 12.78 Sat, 19 Aug 2017 17:00:00 GMT
1503163800 16619448 12.68 Sat, 19 Aug 2017 17:30:00 GMT
1503165600 16290752 12.43 Sat, 19 Aug 2017 18:00:00 GMT
1503167400 20962000 15.99 Sat, 19 Aug 2017 18:30:00 GMT
1503169200 13942096 10.64 Sat, 19 Aug 2017 19:00:00 GMT
1503171000 17007512 12.98 Sat, 19 Aug 2017 19:30:00 GMT
1503172800 16397904 12.51 Sat, 19 Aug 2017 20:00:00 GMT
1503174600 20169248 15.39 Sat, 19 Aug 2017 20:30:00 GMT
1503176400 16932216 12.92 Sat, 19 Aug 2017 21:00:00 GMT
1503178200 20046864 15.29 Sat, 19 Aug 2017 21:30:00 GMT
1503180000 17446256 13.31 Sat, 19 Aug 2017 22:00:00 GMT
1503181800 22753928 17.36 Sat, 19 Aug 2017 22:30:00 GMT
1503183600 18833440 14.37 Sat, 19 Aug 2017 23:00:00 GMT
1503185400 20597104 15.71 Sat, 19 Aug 2017 23:30:00 GMT
1503189000 25213328 19.24 Sun, 20 Aug 2017 00:30:00 GMT
1503190801 23391744 17.85 Sun, 20 Aug 2017 01:00:01 GMT
1503198000 22912456 17.48 Sun, 20 Aug 2017 03:00:00 GMT
1503201600 22942168 17.50 Sun, 20 Aug 2017 04:00:00 GMT
1503203400 21830104 16.65 Sun, 20 Aug 2017 04:30:00 GMT
1503205200 22883496 17.46 Sun, 20 Aug 2017 05:00:00 GMT
1503207000 21021368 16.04 Sun, 20 Aug 2017 05:30:00 GMT
1503234000 18632168 14.21 Sun, 20 Aug 2017 13:00:00 GMT
1503237600 18823304 14.36 Sun, 20 Aug 2017 14:00:00 GMT
1503239400 14569080 11.12 Sun, 20 Aug 2017 14:30:00 GMT
1503266400 21775776 16.61 Sun, 20 Aug 2017 22:00:00 GMT
1503268200 20905528 15.95 Sun, 20 Aug 2017 22:30:00 GMT
1503270000 12789488 9.76 Sun, 20 Aug 2017 23:00:00 GMT
1503271800 16122784 12.30 Sun, 20 Aug 2017 23:30:00 GMT
1503275400 19973016 15.24 Mon, 21 Aug 2017 00:30:00 GMT
1503277200 21327648 16.27 Mon, 21 Aug 2017 01:00:00 GMT
1503279000 24620400 18.78 Mon, 21 Aug 2017 01:30:00 GMT
1503280800 20749144 15.83 Mon, 21 Aug 2017 02:00:00 GMT
1503282600 25096792 19.15 Mon, 21 Aug 2017 02:30:00 GMT
1503284400 21845280 16.67 Mon, 21 Aug 2017 03:00:00 GMT
1503286200 25971384 19.81 Mon, 21 Aug 2017 03:30:00 GMT
1503288000 20404520 15.57 Mon, 21 Aug 2017 04:00:00 GMT
1503289800 25883752 19.75 Mon, 21 Aug 2017 04:30:00 GMT
1503298800 21195128 16.17 Mon, 21 Aug 2017 07:00:00 GMT
1503307800 18574248 14.17 Mon, 21 Aug 2017 09:30:00 GMT
1503309600 16406592 12.52 Mon, 21 Aug 2017 10:00:00 GMT
1503311400 17168240 13.10 Mon, 21 Aug 2017 10:30:00 GMT
1503313200 17460736 13.32 Mon, 21 Aug 2017 11:00:00 GMT
1503315000 17288424 13.19 Mon, 21 Aug 2017 11:30:00 GMT
1503316800 17076320 13.03 Mon, 21 Aug 2017 12:00:00 GMT
1503318600 13904448 10.61 Mon, 21 Aug 2017 12:30:00 GMT
1503320400 10713056 8.17 Mon, 21 Aug 2017 13:00:00 GMT
1503322200 11143112 8.50 Mon, 21 Aug 2017 13:30:00 GMT
1503324000 15730376 12.00 Mon, 21 Aug 2017 14:00:00 GMT
1503325800 16258896 12.40 Mon, 21 Aug 2017 14:30:00 GMT
1503327600 21051080 16.06 Mon, 21 Aug 2017 15:00:00 GMT
1503329400 15976536 12.19 Mon, 21 Aug 2017 15:30:00 GMT
1503331200 16483336 12.58 Mon, 21 Aug 2017 16:00:00 GMT
1503333000 16668680 12.72 Mon, 21 Aug 2017 16:30:00 GMT
1503334801 31893704 24.33 Mon, 21 Aug 2017 17:00:01 GMT
1503336601 26977744 20.58 Mon, 21 Aug 2017 17:30:01 GMT
1503338401 12027840 9.18 Mon, 21 Aug 2017 18:00:01 GMT
1503340200 10513232 8.02 Mon, 21 Aug 2017 18:30:00 GMT
1503342000 15843320 12.09 Mon, 21 Aug 2017 19:00:00 GMT
1503372600 26624432 20.31 Tue, 22 Aug 2017 03:30:00 GMT
1503374400 21640416 16.51 Tue, 22 Aug 2017 04:00:00 GMT
1503376200 21189336 16.17 Tue, 22 Aug 2017 04:30:00 GMT
1503378000 19070912 14.55 Tue, 22 Aug 2017 05:00:00 GMT
1503379800 17132040 13.07 Tue, 22 Aug 2017 05:30:00 GMT
1503381600 20268408 15.46 Tue, 22 Aug 2017 06:00:00 GMT
1503383400 18869640 14.39 Tue, 22 Aug 2017 06:30:00 GMT
1503412200 28236056 21.54 Tue, 22 Aug 2017 14:30:00 GMT
1503414000 28563304 21.79 Tue, 22 Aug 2017 15:00:00 GMT
1503415800 32378784 24.70 Tue, 22 Aug 2017 15:30:00 GMT
1503417600 31444128 23.99 Tue, 22 Aug 2017 16:00:00 GMT
1503419400 31731040 24.21 Tue, 22 Aug 2017 16:30:00 GMT
1503421200 31719944 24.20 Tue, 22 Aug 2017 17:00:00 GMT
1503423000 21628832 16.50 Tue, 22 Aug 2017 17:30:00 GMT
1503424800 26711312 20.38 Tue, 22 Aug 2017 18:00:00 GMT
1503426600 22395784 17.09 Tue, 22 Aug 2017 18:30:00 GMT
1503428400 18873288 14.40 Tue, 22 Aug 2017 19:00:00 GMT
1503430200 20124360 15.35 Tue, 22 Aug 2017 19:30:00 GMT
1503432000 23407728 17.86 Tue, 22 Aug 2017 20:00:00 GMT
1503433800 29708672 22.67 Tue, 22 Aug 2017 20:30:00 GMT
1503435600 30548512 23.31 Tue, 22 Aug 2017 21:00:00 GMT
1503437400 32125384 24.51 Tue, 22 Aug 2017 21:30:00 GMT
1503439200 30836664 23.53 Tue, 22 Aug 2017 22:00:00 GMT
1503441000 30338552 23.15 Tue, 22 Aug 2017 22:30:00 GMT
1503451800 34502512 26.32 Wed, 23 Aug 2017 01:30:00 GMT
1503453600 32862416 25.07 Wed, 23 Aug 2017 02:00:00 GMT
1503455400 32663288 24.92 Wed, 23 Aug 2017 02:30:00 GMT
1503457200 34472592 26.30 Wed, 23 Aug 2017 03:00:00 GMT
1503459000 33385144 25.47 Wed, 23 Aug 2017 03:30:00 GMT
1503460800 32438152 24.75 Wed, 23 Aug 2017 04:00:00 GMT
1503462600 29882432 22.80 Wed, 23 Aug 2017 04:30:00 GMT
1503464400 32727752 24.97 Wed, 23 Aug 2017 05:00:00 GMT
1503466200 34081632 26.00 Wed, 23 Aug 2017 05:30:00 GMT
1503468000 32351968 24.67 Wed, 23 Aug 2017 06:00:00 GMT
1503469800 32924680 25.12 Wed, 23 Aug 2017 06:30:00 GMT
1503471600 33299712 25.41 Wed, 23 Aug 2017 07:00:00 GMT
1503473400 29956280 22.85 Wed, 23 Aug 2017 07:30:00 GMT
1503475200 33929592 25.89 Wed, 23 Aug 2017 08:00:00 GMT
1503477000 34902648 26.63 Wed, 23 Aug 2017 08:30:00 GMT
1503478800 25854096 19.72 Wed, 23 Aug 2017 09:00:00 GMT
1503480600 32194888 24.56 Wed, 23 Aug 2017 09:30:00 GMT
1503491400 25269104 19.28 Wed, 23 Aug 2017 12:30:00 GMT
1503532800 30832320 23.52 Thu, 24 Aug 2017 00:00:00 GMT
1503534600 33134640 25.28 Thu, 24 Aug 2017 00:30:00 GMT
1503536400 35806200 27.32 Thu, 24 Aug 2017 01:00:00 GMT
1503538200 30880104 23.56 Thu, 24 Aug 2017 01:30:00 GMT
1503540000 33681984 25.70 Thu, 24 Aug 2017 02:00:00 GMT
1503541800 35981408 27.45 Thu, 24 Aug 2017 02:30:00 GMT
1503543600 33618272 25.65 Thu, 24 Aug 2017 03:00:00 GMT
1503545400 34727440 26.49 Thu, 24 Aug 2017 03:30:00 GMT
1503547200 35319672 26.95 Thu, 24 Aug 2017 04:00:00 GMT
1503549000 31814064 24.27 Thu, 24 Aug 2017 04:30:00 GMT
1503550800 34288696 26.16 Thu, 24 Aug 2017 05:00:00 GMT
1503572400 33457056 25.53 Thu, 24 Aug 2017 11:00:00 GMT
1503574200 32856136 25.07 Thu, 24 Aug 2017 11:30:00 GMT
1503576000 34287248 26.16 Thu, 24 Aug 2017 12:00:00 GMT
1503577800 30248776 23.08 Thu, 24 Aug 2017 12:30:00 GMT
1503579600 35322568 26.95 Thu, 24 Aug 2017 13:00:00 GMT
1503581400 35319672 26.95 Thu, 24 Aug 2017 13:30:00 GMT
1503583200 28622672 21.84 Thu, 24 Aug 2017 14:00:00 GMT
1503586800 32952192 25.14 Thu, 24 Aug 2017 15:00:00 GMT
1503590400 32743680 24.98 Thu, 24 Aug 2017 16:00:00 GMT
1503592200 32419328 24.73 Thu, 24 Aug 2017 16:30:00 GMT
1503594000 29617448 22.60 Thu, 24 Aug 2017 17:00:00 GMT
1503595800 25392184 19.37 Thu, 24 Aug 2017 17:30:00 GMT
1503599400 22238440 16.97 Thu, 24 Aug 2017 18:30:00 GMT
1503601200 28202752 21.52 Thu, 24 Aug 2017 19:00:00 GMT
1503603000 26832944 20.47 Thu, 24 Aug 2017 19:30:00 GMT
1503604801 26259536 20.03 Thu, 24 Aug 2017 20:00:01 GMT
1503608400 30612224 23.35 Thu, 24 Aug 2017 21:00:00 GMT
1503610200 36433184 27.80 Thu, 24 Aug 2017 21:30:00 GMT
1503612000 31825648 24.28 Thu, 24 Aug 2017 22:00:00 GMT
1503613800 32165928 24.54 Thu, 24 Aug 2017 22:30:00 GMT
1503615600 29673920 22.64 Thu, 24 Aug 2017 23:00:00 GMT
1503617400 32050784 24.45 Thu, 24 Aug 2017 23:30:00 GMT
1503648000 33631304 25.66 Fri, 25 Aug 2017 08:00:00 GMT
1503649800 34675312 26.45 Fri, 25 Aug 2017 08:30:00 GMT
1503651600 31114680 23.74 Fri, 25 Aug 2017 09:00:00 GMT
1503653400 26647600 20.33 Fri, 25 Aug 2017 09:30:00 GMT
1503655200 34637664 26.43 Fri, 25 Aug 2017 10:00:00 GMT
1503664200 33592208 25.63 Fri, 25 Aug 2017 12:30:00 GMT
1503666000 33007216 25.18 Fri, 25 Aug 2017 13:00:00 GMT
1503687600 12199456 9.31 Fri, 25 Aug 2017 19:00:00 GMT
1503689400 28626320 21.84 Fri, 25 Aug 2017 19:30:00 GMT
1503691200 25911528 19.77 Fri, 25 Aug 2017 20:00:00 GMT
1503693000 27123992 20.69 Fri, 25 Aug 2017 20:30:00 GMT
1503694800 32494624 24.79 Fri, 25 Aug 2017 21:00:00 GMT
1503696600 33493744 25.55 Fri, 25 Aug 2017 21:30:00 GMT
1503698400 30202440 23.04 Fri, 25 Aug 2017 22:00:00 GMT
1503700200 31286992 23.87 Fri, 25 Aug 2017 22:30:00 GMT
1503702000 32399056 24.72 Fri, 25 Aug 2017 23:00:00 GMT
1503703800 30631048 23.37 Fri, 25 Aug 2017 23:30:00 GMT
1503705600 35487640 27.07 Sat, 26 Aug 2017 00:00:00 GMT
1503707400 31330432 23.90 Sat, 26 Aug 2017 00:30:00 GMT
1503709200 33114368 25.26 Sat, 26 Aug 2017 01:00:00 GMT
1503725400 34463904 26.29 Sat, 26 Aug 2017 05:30:00 GMT
1503727200 31524464 24.05 Sat, 26 Aug 2017 06:00:00 GMT
1503729000 23981832 18.30 Sat, 26 Aug 2017 06:30:00 GMT
1503730800 31036488 23.68 Sat, 26 Aug 2017 07:00:00 GMT
1503732600 31105504 23.73 Sat, 26 Aug 2017 07:30:00 GMT
1503734400 33951312 25.90 Sat, 26 Aug 2017 08:00:00 GMT
1503736200 33009624 25.18 Sat, 26 Aug 2017 08:30:00 GMT
1503738000 32755264 24.99 Sat, 26 Aug 2017 09:00:00 GMT
1503739800 34996768 26.70 Sat, 26 Aug 2017 09:30:00 GMT
1503741600 34584088 26.39 Sat, 26 Aug 2017 10:00:00 GMT
1503743400 34224984 26.11 Sat, 26 Aug 2017 10:30:00 GMT
1503745200 32258600 24.61 Sat, 26 Aug 2017 11:00:00 GMT
1503747000 32865312 25.07 Sat, 26 Aug 2017 11:30:00 GMT
1503748800 34096112 26.01 Sat, 26 Aug 2017 12:00:00 GMT
1503750600 36011064 27.47 Sat, 26 Aug 2017 12:30:00 GMT
1503765000 34013576 25.95 Sat, 26 Aug 2017 16:30:00 GMT
1503768600 34242600 26.12 Sat, 26 Aug 2017 17:30:00 GMT
1503801000 34338888 26.20 Sun, 27 Aug 2017 02:30:00 GMT
1503802800 33311296 25.41 Sun, 27 Aug 2017 03:00:00 GMT
1503804600 33282336 25.39 Sun, 27 Aug 2017 03:30:00 GMT
1503806400 36037880 27.49 Sun, 27 Aug 2017 04:00:00 GMT
1503808200 31161016 23.77 Sun, 27 Aug 2017 04:30:00 GMT
1503810000 34796944 26.55 Sun, 27 Aug 2017 05:00:00 GMT
1503813600 15560264 11.87 Sun, 27 Aug 2017 06:00:00 GMT
1503815400 35367456 26.98 Sun, 27 Aug 2017 06:30:00 GMT
1503817200 34295936 26.16 Sun, 27 Aug 2017 07:00:00 GMT
1503819000 34522088 26.34 Sun, 27 Aug 2017 07:30:00 GMT
1503822600 33729768 25.73 Sun, 27 Aug 2017 08:30:00 GMT
1503824400 34300520 26.17 Sun, 27 Aug 2017 09:00:00 GMT
1503833401 34901440 26.63 Sun, 27 Aug 2017 11:30:01 GMT
1503835201 34653104 26.44 Sun, 27 Aug 2017 12:00:01 GMT
1503837001 31686640 24.17 Sun, 27 Aug 2017 12:30:01 GMT
1503840600 32797256 25.02 Sun, 27 Aug 2017 13:30:00 GMT
1503842400 31250304 23.84 Sun, 27 Aug 2017 14:00:00 GMT
1503844200 23470688 17.91 Sun, 27 Aug 2017 14:30:00 GMT
1503846000 33680536 25.70 Sun, 27 Aug 2017 15:00:00 GMT
1503847800 25277792 19.29 Sun, 27 Aug 2017 15:30:00 GMT
1503849600 29317712 22.37 Sun, 27 Aug 2017 16:00:00 GMT
1503851400 31739464 24.21 Sun, 27 Aug 2017 16:30:00 GMT
1503853200 21198776 16.17 Sun, 27 Aug 2017 17:00:00 GMT
1503855000 28443120 21.70 Sun, 27 Aug 2017 17:30:00 GMT
1503856800 20373416 15.54 Sun, 27 Aug 2017 18:00:00 GMT
1503858600 16517392 12.60 Sun, 27 Aug 2017 18:30:00 GMT
1503860400 18757448 14.31 Sun, 27 Aug 2017 19:00:00 GMT
1503862200 23960112 18.28 Sun, 27 Aug 2017 19:30:00 GMT
1503864000 16288608 12.43 Sun, 27 Aug 2017 20:00:00 GMT
1503865800 21301584 16.25 Sun, 27 Aug 2017 20:30:00 GMT
1503867600 22167488 16.91 Sun, 27 Aug 2017 21:00:00 GMT
1503869400 25872920 19.74 Sun, 27 Aug 2017 21:30:00 GMT
1503871200 26830048 20.47 Sun, 27 Aug 2017 22:00:00 GMT
1503873000 33094096 25.25 Sun, 27 Aug 2017 22:30:00 GMT
1503874800 36614184 27.93 Sun, 27 Aug 2017 23:00:00 GMT
1503876600 32555440 24.84 Sun, 27 Aug 2017 23:30:00 GMT
1503878400 32033672 24.44 Mon, 28 Aug 2017 00:00:00 GMT
1503880200 34045432 25.97 Mon, 28 Aug 2017 00:30:00 GMT
1503882000 31378216 23.94 Mon, 28 Aug 2017 01:00:00 GMT
1503918000 32664040 24.92 Mon, 28 Aug 2017 11:00:00 GMT
1503919800 32042848 24.45 Mon, 28 Aug 2017 11:30:00 GMT
1503921600 32787120 25.01 Mon, 28 Aug 2017 12:00:00 GMT
1503923400 29169320 22.25 Mon, 28 Aug 2017 12:30:00 GMT
1503925200 27213768 20.76 Mon, 28 Aug 2017 13:00:00 GMT
1503927000 30940920 23.61 Mon, 28 Aug 2017 13:30:00 GMT
1503928800 31578040 24.09 Mon, 28 Aug 2017 14:00:00 GMT
1503932400 21795352 16.63 Mon, 28 Aug 2017 15:00:00 GMT
1503934200 12543328 9.57 Mon, 28 Aug 2017 15:30:00 GMT
1503936000 21070864 16.08 Mon, 28 Aug 2017 16:00:00 GMT
1503937800 31404280 23.96 Mon, 28 Aug 2017 16:30:00 GMT
1503939600 22226856 16.96 Mon, 28 Aug 2017 17:00:00 GMT
1503941400 23841376 18.19 Mon, 28 Aug 2017 17:30:00 GMT
1503943200 15014368 11.45 Mon, 28 Aug 2017 18:00:00 GMT
1503945000 21019920 16.04 Mon, 28 Aug 2017 18:30:00 GMT
1503946800 8205120 6.26 Mon, 28 Aug 2017 19:00:00 GMT
1503948600 27713328 21.14 Mon, 28 Aug 2017 19:30:00 GMT
1506187020 11479048 8.76 Sat, 23 Sep 2017 17:17:00 GMT
1506187067 14000256 10.68 Sat, 23 Sep 2017 17:17:47 GMT
1506187082 16232136 12.38 Sat, 23 Sep 2017 17:18:02 GMT
